<?xml version="1.0" encoding="UTF-8"?>
<Site BuildName="Linux-c++"
	BuildStamp="20250919-0939-Experimental"
	Name="raspberrypi"
	Generator="ctest-3.25.1"
	CompilerName="/usr/bin/c++"
	CompilerVersion="12.2.0"
	OSName="Linux"
	Hostname="raspberrypi"
	OSRelease="6.12.25+rpt-rpi-2712"
	OSVersion="#1 SMP PREEMPT Debian 1:6.12.25-1+rpt1 (2025-04-30)"
	OSPlatform="aarch64"
	Is64Bits="1"
	VendorString=""
	VendorID="Unknown Manufacturer"
	FamilyID="8"
	ModelID="0"
	ProcessorCacheSize="0"
	NumberOfLogicalCPU="4"
	NumberOfPhysicalCPU="1"
	TotalVirtualMemory="511"
	TotalPhysicalMemory="8059"
	LogicalProcessorsPerPhysical="4"
	ProcessorClockFrequency="0"
	>
	<Testing>
		<StartDateTime>Sep 19 14:37 BST</StartDateTime>
		<StartTestTime>1758289059</StartTestTime>
		<TestList/>
		<EndDateTime>Sep 19 14:37 BST</EndDateTime>
		<EndTestTime>1758289059</EndTestTime>
		<ElapsedMinutes>0</ElapsedMinutes>
	</Testing>
</Site>
